4:55:30 PM  [main] 	Initializing Control Panel
4:55:30 PM  [main] 	Windows Version:  Enterprise  64-bit
4:55:30 PM  [main] 	XAMPP Version: 7.4.29
4:55:30 PM  [main] 	Control Panel Version: 3.3.0  [ Compiled: Apr 6th 2021 ]
4:55:30 PM  [main] 	Running with Administrator rights - good!
4:55:30 PM  [main] 	XAMPP Installation Directory: "c:\xampp\"
4:55:30 PM  [main] 	Checking for prerequisites
4:55:31 PM  [main] 	All prerequisites found
4:55:31 PM  [main] 	Initializing Modules
4:55:31 PM  [mysql] 	Problem detected!
4:55:31 PM  [mysql] 	Port 3306 in use by "Unable to open process"!
4:55:31 PM  [mysql] 	MySQL WILL NOT start without the configured ports free!
4:55:31 PM  [mysql] 	You need to uninstall/disable/reconfigure the blocking application
4:55:31 PM  [mysql] 	or reconfigure MySQL and the Control Panel to listen on a different port
4:55:31 PM  [main] 	Starting Check-Timer
4:55:31 PM  [main] 	Control Panel Ready
4:55:36 PM  [Apache] 	Attempting to start Apache app...
4:55:36 PM  [Apache] 	Status change detected: running
4:55:36 PM  [mysql] 	Problem detected!
4:55:36 PM  [mysql] 	Port 3306 in use by "Unable to open process"!
4:55:36 PM  [mysql] 	MySQL WILL NOT start without the configured ports free!
4:55:36 PM  [mysql] 	You need to uninstall/disable/reconfigure the blocking application
4:55:36 PM  [mysql] 	or reconfigure MySQL and the Control Panel to listen on a different port
4:55:36 PM  [mysql] 	Attempting to start MySQL app...
4:55:37 PM  [mysql] 	Status change detected: running
4:55:39 PM  [mysql] 	Status change detected: stopped
4:55:39 PM  [mysql] 	Error: MySQL shutdown unexpectedly.
4:55:39 PM  [mysql] 	This may be due to a blocked port, missing dependencies, 
4:55:39 PM  [mysql] 	improper privileges, a crash, or a shutdown by another method.
4:55:39 PM  [mysql] 	Press the Logs button to view error logs and check
4:55:39 PM  [mysql] 	the Windows Event Viewer for more clues
4:55:39 PM  [mysql] 	If you need more help, copy and post this
4:55:39 PM  [mysql] 	entire log window on the forums
4:55:41 PM  [mysql] 	Problem detected!
4:55:41 PM  [mysql] 	Port 3306 in use by "Unable to open process"!
4:55:41 PM  [mysql] 	MySQL WILL NOT start without the configured ports free!
4:55:41 PM  [mysql] 	You need to uninstall/disable/reconfigure the blocking application
4:55:41 PM  [mysql] 	or reconfigure MySQL and the Control Panel to listen on a different port
4:55:41 PM  [mysql] 	Attempting to start MySQL app...
4:55:41 PM  [mysql] 	Status change detected: running
4:55:43 PM  [mysql] 	Status change detected: stopped
4:55:43 PM  [mysql] 	Error: MySQL shutdown unexpectedly.
4:55:43 PM  [mysql] 	This may be due to a blocked port, missing dependencies, 
4:55:43 PM  [mysql] 	improper privileges, a crash, or a shutdown by another method.
4:55:43 PM  [mysql] 	Press the Logs button to view error logs and check
4:55:43 PM  [mysql] 	the Windows Event Viewer for more clues
4:55:43 PM  [mysql] 	If you need more help, copy and post this
4:55:43 PM  [mysql] 	entire log window on the forums
4:55:53 PM  [main] 	Deinitializing Modules
4:55:53 PM  [main] 	Deinitializing Control Panel

5:08:39 PM  [main] 	Initializing Control Panel
5:08:39 PM  [main] 	Windows Version:  Enterprise  64-bit
5:08:39 PM  [main] 	XAMPP Version: 7.4.29
5:08:39 PM  [main] 	Control Panel Version: 3.3.0  [ Compiled: Apr 6th 2021 ]
5:08:39 PM  [main] 	Running with Administrator rights - good!
5:08:39 PM  [main] 	XAMPP Installation Directory: "c:\xampp\"
5:08:39 PM  [main] 	Checking for prerequisites
5:08:39 PM  [main] 	All prerequisites found
5:08:39 PM  [main] 	Initializing Modules
5:08:39 PM  [mysql] 	Problem detected!
5:08:39 PM  [mysql] 	Port 3306 in use by "Unable to open process"!
5:08:39 PM  [mysql] 	MySQL WILL NOT start without the configured ports free!
5:08:39 PM  [mysql] 	You need to uninstall/disable/reconfigure the blocking application
5:08:39 PM  [mysql] 	or reconfigure MySQL and the Control Panel to listen on a different port
5:08:39 PM  [main] 	Starting Check-Timer
5:08:39 PM  [main] 	Control Panel Ready
5:08:43 PM  [Apache] 	Attempting to start Apache app...
5:08:43 PM  [Apache] 	Status change detected: running
5:08:48 PM  [mysql] 	Problem detected!
5:08:48 PM  [mysql] 	Port 3306 in use by "Unable to open process"!
5:08:48 PM  [mysql] 	MySQL WILL NOT start without the configured ports free!
5:08:48 PM  [mysql] 	You need to uninstall/disable/reconfigure the blocking application
5:08:48 PM  [mysql] 	or reconfigure MySQL and the Control Panel to listen on a different port
5:08:48 PM  [mysql] 	Attempting to start MySQL app...
5:08:48 PM  [mysql] 	Status change detected: running
5:08:51 PM  [mysql] 	Status change detected: stopped
5:08:51 PM  [mysql] 	Error: MySQL shutdown unexpectedly.
5:08:51 PM  [mysql] 	This may be due to a blocked port, missing dependencies, 
5:08:51 PM  [mysql] 	improper privileges, a crash, or a shutdown by another method.
5:08:51 PM  [mysql] 	Press the Logs button to view error logs and check
5:08:51 PM  [mysql] 	the Windows Event Viewer for more clues
5:08:51 PM  [mysql] 	If you need more help, copy and post this
5:08:51 PM  [mysql] 	entire log window on the forums
5:08:55 PM  [main] 	Executing "c:\xampp\mysql\data"
5:09:41 PM  [main] 	Executing "services.msc"
5:10:30 PM  [mysql] 	Problem detected!
5:10:30 PM  [mysql] 	Port 3306 in use by "Unable to open process"!
5:10:30 PM  [mysql] 	MySQL WILL NOT start without the configured ports free!
5:10:30 PM  [mysql] 	You need to uninstall/disable/reconfigure the blocking application
5:10:30 PM  [mysql] 	or reconfigure MySQL and the Control Panel to listen on a different port
5:10:30 PM  [mysql] 	Attempting to start MySQL app...
5:10:30 PM  [mysql] 	Status change detected: running
5:10:31 PM  [mysql] 	Status change detected: stopped
5:10:31 PM  [mysql] 	Error: MySQL shutdown unexpectedly.
5:10:31 PM  [mysql] 	This may be due to a blocked port, missing dependencies, 
5:10:31 PM  [mysql] 	improper privileges, a crash, or a shutdown by another method.
5:10:31 PM  [mysql] 	Press the Logs button to view error logs and check
5:10:31 PM  [mysql] 	the Windows Event Viewer for more clues
5:10:31 PM  [mysql] 	If you need more help, copy and post this
5:10:31 PM  [mysql] 	entire log window on the forums
5:10:35 PM  [main] 	Executing "services.msc"
5:10:40 PM  [main] 	Executing "c:\xampp\"
5:10:50 PM  [main] 	Executing "c:\xampp\mysql"
5:11:05 PM  [main] 	Executing "services.msc"
5:12:56 PM  [mysql] 	Problem detected!
5:12:56 PM  [mysql] 	Port 3306 in use by "Unable to open process"!
5:12:56 PM  [mysql] 	MySQL WILL NOT start without the configured ports free!
5:12:56 PM  [mysql] 	You need to uninstall/disable/reconfigure the blocking application
5:12:56 PM  [mysql] 	or reconfigure MySQL and the Control Panel to listen on a different port
5:12:56 PM  [mysql] 	Attempting to start MySQL app...
5:12:57 PM  [mysql] 	Status change detected: running
5:12:58 PM  [mysql] 	Status change detected: stopped
5:12:58 PM  [mysql] 	Error: MySQL shutdown unexpectedly.
5:12:58 PM  [mysql] 	This may be due to a blocked port, missing dependencies, 
5:12:58 PM  [mysql] 	improper privileges, a crash, or a shutdown by another method.
5:12:58 PM  [mysql] 	Press the Logs button to view error logs and check
5:12:58 PM  [mysql] 	the Windows Event Viewer for more clues
5:12:58 PM  [mysql] 	If you need more help, copy and post this
5:12:58 PM  [mysql] 	entire log window on the forums
5:16:01 PM  [mysql] 	Problem detected!
5:16:01 PM  [mysql] 	Port 3306 in use by "Unable to open process"!
5:16:01 PM  [mysql] 	MySQL WILL NOT start without the configured ports free!
5:16:01 PM  [mysql] 	You need to uninstall/disable/reconfigure the blocking application
5:16:01 PM  [mysql] 	or reconfigure MySQL and the Control Panel to listen on a different port
5:16:01 PM  [mysql] 	Attempting to start MySQL app...
5:16:01 PM  [mysql] 	Status change detected: running
5:16:03 PM  [mysql] 	Status change detected: stopped
5:16:03 PM  [mysql] 	Error: MySQL shutdown unexpectedly.
5:16:03 PM  [mysql] 	This may be due to a blocked port, missing dependencies, 
5:16:03 PM  [mysql] 	improper privileges, a crash, or a shutdown by another method.
5:16:03 PM  [mysql] 	Press the Logs button to view error logs and check
5:16:03 PM  [mysql] 	the Windows Event Viewer for more clues
5:16:03 PM  [mysql] 	If you need more help, copy and post this
5:16:03 PM  [mysql] 	entire log window on the forums
5:16:05 PM  [mysql] 	Problem detected!
5:16:05 PM  [mysql] 	Port 3306 in use by "Unable to open process"!
5:16:05 PM  [mysql] 	MySQL WILL NOT start without the configured ports free!
5:16:05 PM  [mysql] 	You need to uninstall/disable/reconfigure the blocking application
5:16:05 PM  [mysql] 	or reconfigure MySQL and the Control Panel to listen on a different port
5:16:05 PM  [mysql] 	Attempting to start MySQL app...
5:16:05 PM  [mysql] 	Status change detected: running
5:16:07 PM  [mysql] 	Status change detected: stopped
5:16:07 PM  [mysql] 	Error: MySQL shutdown unexpectedly.
5:16:07 PM  [mysql] 	This may be due to a blocked port, missing dependencies, 
5:16:07 PM  [mysql] 	improper privileges, a crash, or a shutdown by another method.
5:16:07 PM  [mysql] 	Press the Logs button to view error logs and check
5:16:07 PM  [mysql] 	the Windows Event Viewer for more clues
5:16:07 PM  [mysql] 	If you need more help, copy and post this
5:16:07 PM  [mysql] 	entire log window on the forums
5:16:39 PM  [Apache] 	Attempting to stop Apache (PID: 6084)
5:16:39 PM  [Apache] 	Attempting to stop Apache (PID: 7148)
5:16:40 PM  [Apache] 	Status change detected: stopped
5:17:32 PM  [Apache] 	Attempting to start Apache app...
5:17:32 PM  [Apache] 	Status change detected: running
5:17:36 PM  [mysql] 	Problem detected!
5:17:36 PM  [mysql] 	Port 3306 in use by "Unable to open process"!
5:17:36 PM  [mysql] 	MySQL WILL NOT start without the configured ports free!
5:17:36 PM  [mysql] 	You need to uninstall/disable/reconfigure the blocking application
5:17:36 PM  [mysql] 	or reconfigure MySQL and the Control Panel to listen on a different port
5:17:36 PM  [mysql] 	Attempting to start MySQL app...
5:17:36 PM  [mysql] 	Status change detected: running
5:17:38 PM  [mysql] 	Status change detected: stopped
5:17:38 PM  [mysql] 	Error: MySQL shutdown unexpectedly.
5:17:38 PM  [mysql] 	This may be due to a blocked port, missing dependencies, 
5:17:38 PM  [mysql] 	improper privileges, a crash, or a shutdown by another method.
5:17:38 PM  [mysql] 	Press the Logs button to view error logs and check
5:17:38 PM  [mysql] 	the Windows Event Viewer for more clues
5:17:38 PM  [mysql] 	If you need more help, copy and post this
5:17:38 PM  [mysql] 	entire log window on the forums
5:17:47 PM  [mysql] 	Problem detected!
5:17:47 PM  [mysql] 	Port 3306 in use by "Unable to open process"!
5:17:47 PM  [mysql] 	MySQL WILL NOT start without the configured ports free!
5:17:47 PM  [mysql] 	You need to uninstall/disable/reconfigure the blocking application
5:17:47 PM  [mysql] 	or reconfigure MySQL and the Control Panel to listen on a different port
5:17:47 PM  [mysql] 	Attempting to start MySQL app...
5:17:47 PM  [mysql] 	Status change detected: running
5:17:49 PM  [mysql] 	Status change detected: stopped
5:17:49 PM  [mysql] 	Error: MySQL shutdown unexpectedly.
5:17:49 PM  [mysql] 	This may be due to a blocked port, missing dependencies, 
5:17:49 PM  [mysql] 	improper privileges, a crash, or a shutdown by another method.
5:17:49 PM  [mysql] 	Press the Logs button to view error logs and check
5:17:49 PM  [mysql] 	the Windows Event Viewer for more clues
5:17:49 PM  [mysql] 	If you need more help, copy and post this
5:17:49 PM  [mysql] 	entire log window on the forums
5:18:04 PM  [main] 	Executing "c:\xampp\mysql\data"
5:22:56 PM  [mysql] 	Problem detected!
5:22:56 PM  [mysql] 	Port 3306 in use by "Unable to open process"!
5:22:56 PM  [mysql] 	MySQL WILL NOT start without the configured ports free!
5:22:56 PM  [mysql] 	You need to uninstall/disable/reconfigure the blocking application
5:22:56 PM  [mysql] 	or reconfigure MySQL and the Control Panel to listen on a different port
5:22:56 PM  [mysql] 	Attempting to start MySQL app...
5:22:56 PM  [mysql] 	Status change detected: running
5:22:57 PM  [mysql] 	Status change detected: stopped
5:22:57 PM  [mysql] 	Error: MySQL shutdown unexpectedly.
5:22:57 PM  [mysql] 	This may be due to a blocked port, missing dependencies, 
5:22:57 PM  [mysql] 	improper privileges, a crash, or a shutdown by another method.
5:22:57 PM  [mysql] 	Press the Logs button to view error logs and check
5:22:57 PM  [mysql] 	the Windows Event Viewer for more clues
5:22:57 PM  [mysql] 	If you need more help, copy and post this
5:22:57 PM  [mysql] 	entire log window on the forums
5:26:56 PM  [mysql] 	Attempting to start MySQL app...
5:26:56 PM  [mysql] 	Status change detected: running
5:50:49 PM  [mysql] 	Attempting to stop MySQL app...
5:50:50 PM  [mysql] 	Status change detected: stopped
5:50:50 PM  [Apache] 	Attempting to stop Apache (PID: 9252)
5:50:50 PM  [Apache] 	Attempting to stop Apache (PID: 11156)
5:50:51 PM  [Apache] 	Status change detected: stopped
11:24:29 PM  [main] 	Deinitializing Modules
11:24:29 PM  [main] 	Deinitializing Control Panel

